<?xml version="1.0" encoding="UTF-8"?>
<!-- Generated by org.testng.reporters.JUnitReportReporter -->
<testsuite hostname="DESKTOP-QPK7LC9" failures="0" tests="1" name="easeMyTrip.EaseMyTrip" time="51.728" errors="0" timestamp="20 Sep 2021 12:26:42 GMT" skipped="0">
  <testcase classname="easeMyTrip.EaseMyTrip" name="easeMyTrip" time="51.728"/>
</testsuite> <!-- easeMyTrip.EaseMyTrip -->
